<?xml version="1.0" encoding="UTF-8"?>
<!-- Generated by org.testng.reporters.JUnitReportReporter -->
<testsuite hostname="ind629" failures="0" tests="1" name="utility.ExtendReport" time="3.306" errors="0" timestamp="13 Jun 2018 12:22:42 GMT" skipped="0">
  <testcase classname="utility.ExtendReport" name="reportTest" time="3.306"/>
</testsuite> <!-- utility.ExtendReport -->
