<?xml version="1.0" encoding="UTF-8"?>
<!-- Generated by org.testng.reporters.JUnitReportReporter -->
<testsuite hostname="ind629" failures="0" tests="11" name="testsDefineSection.AddAssetTypeTest" time="115.005" errors="0" timestamp="15 Jun 2018 13:03:52 GMT" skipped="0">
  <testcase classname="testsDefineSection.AddAssetTypeTest" name="testAllFieldsRequired" time="10.145"/>
  <testcase classname="testsDefineSection.AddAssetTypeTest" name="testAddAssetType" time="6.538"/>
  <testcase classname="testsDefineSection.AddAssetTypeTest" name="testAddAssetType" time="5.812"/>
  <testcase classname="testsDefineSection.AddAssetTypeTest" name="testAddAssetType" time="4.943"/>
  <testcase classname="testsDefineSection.AddAssetTypeTest" name="testAddAssetFilter" time="10.519"/>
  <testcase classname="testsDefineSection.AddAssetTypeTest" name="testAddAssetFilter" time="12.921"/>
  <testcase classname="testsDefineSection.AddAssetTypeTest" name="testAddAssetFilter" time="16.414"/>
  <testcase classname="testsDefineSection.AddAssetTypeTest" name="testAddAssetFilter" time="13.137"/>
  <testcase classname="testsDefineSection.AddAssetTypeTest" name="testAddAssetFilter" time="11.706"/>
  <testcase classname="testsDefineSection.AddAssetTypeTest" name="testAddAssetFilter" time="11.991"/>
  <testcase classname="testsDefineSection.AddAssetTypeTest" name="testAddAssetFilter" time="10.879"/>
</testsuite> <!-- testsDefineSection.AddAssetTypeTest -->
