<?xml version="1.0" encoding="UTF-8"?>
<!-- Generated by org.testng.reporters.JUnitReportReporter -->
<testsuite hostname="ind629" failures="0" tests="1" name="testDefineSection.AddAssetTypeTest" time="14.160" errors="0" timestamp="11 Jun 2018 12:31:09 GMT" skipped="0">
  <testcase classname="testDefineSection.AddAssetTypeTest" name="testAddAssetType" time="14.160"/>
</testsuite> <!-- testDefineSection.AddAssetTypeTest -->
